[19:00:17] Komodo is Initializing...
[19:00:17] Komodo Log Manager is Online...
[19:00:17] testing, testing, 123
[19:33:37] poke
[20:06:57] Okay it works
[20:06:57]        _____                                                                 
[20:06:57]  _.--~_..__ ~~-._                                                            
[20:06:57] :..____~         ~~--.._                                                     
[20:06:57]  ~~-.. ~ ._             ~~----__________                                     
[20:06:57]       `-._ `.    __                     ~~~~~~-----...__                     
[20:06:57]            ~~\.     ~-.                    .------..    ~~~---__             
[20:06:57]               `.   . .- ~~-----_________ ,'         ~== __      ~~--__       
[20:06:57]                 \   \=_                  |           ___   ~  -       ~-.    
[20:06:57]                  \.  ) ~--__             |   `._     ;:~~:---__          `.  
[20:06:57]                   `._ \     \~-.-------~~ \   \ ~~~~~_::. )    ~~--__     |`.
[20:06:57]                    |  |   ,=:__)           \   \     `----'          `-. /  |
[20:06:57]                    |  |                __...=-. )                      ;'   |
[20:06:57]                ,-=~~_,'               '~~.==----' by: _Seal_       _,-'    / 
[20:06:57]                  ~~~                          _______.......----~~~     _,'  
[20:06:57]                                        --~~""""---......._________...--'     
[20:06:57] Komodo is Shutting Down, Goodbye Until Next Time!





