[19:24:54] Komodo is Initializing...
[19:24:54] Komodo Log Manager is Online...
[19:24:54] testing, testing, 123
[19:24:54] poke
[19:24:54] Okay it works
[19:24:54]        _____                                                                 
[19:24:54]  _.--~_..__ ~~-._                                                            
[19:24:54] :..____~         ~~--.._                                                     
[19:24:54]  ~~-.. ~ ._             ~~----__________                                     
[19:24:54]       `-._ `.    __                     ~~~~~~-----...__                     
[19:24:54]            ~~\.     ~-.                    .------..    ~~~---__             
[19:24:54]               `.   . .- ~~-----_________ ,'         ~== __      ~~--__       
[19:24:54]                 \   \=_                  |           ___   ~  -       ~-.    
[19:24:54]                  \.  ) ~--__             |   `._     ;:~~:---__          `.  
[19:24:54]                   `._ \     \~-.-------~~ \   \ ~~~~~_::. )    ~~--__     |`.
[19:24:54]                    |  |   ,=:__)           \   \     `----'          `-. /  |
[19:24:54]                    |  |                __...=-. )                      ;'   |
[19:24:54]                ,-=~~_,'               '~~.==----' by: _Seal_       _,-'    / 
[19:24:54]                  ~~~                          _______.......----~~~     _,'  
[19:24:54]                                        --~~""""---......._________...--'     
[19:24:54] Komodo is Shutting Down, Goodbye Until Next Time!





