[20:18:49]            _
[20:18:49]           ' )   _/                                          /'
[20:18:49]           /' _/~                                          /'
[20:18:49]         /'_/~    ____    ,__________     ____     _____,/' ____
[20:18:49]       /\/~     /'    )--/'    )     )  /'    )--/'    /' /'    )--
[20:18:49]     /'  \    /'    /' /'    /'    /' /'    /' /'    /' /'    /'
[20:18:49] (,/'     \_,(___,/' /'    /'    /(__(___,/'  (___,/(__(___,/' engine log
[20:18:49] =============================================================================
[20:18:49]        _____                                                                 
[20:18:49]  _.--~_..__ ~~-._                                                            
[20:18:49] :..____~         ~~--.._                                                     
[20:18:49]  ~~-.. ~ ._             ~~----__________                                     
[20:18:49]       `-._ `.    __                     ~~~~~~-----...__                     
[20:18:49]            ~~\.     ~-.                    .------..    ~~~---__             
[20:18:49]               `.   . .- ~~-----_________ ,'         ~== __      ~~--__       
[20:18:49]                 \   \=_                  |           ___   ~  -       ~-.    
[20:18:49]                  \.  ) ~--__             |   `._     ;:~~:---__          `.  
[20:18:49]                   `._ \     \~-.-------~~ \   \ ~~~~~_::. )    ~~--__     |`.
[20:18:49]                    |  |   ,=:__)           \   \     `----'          `-. /  |
[20:18:49]                    |  |                __...=-. )                      ;'   |
[20:18:49]                ,-=~~_,'               '~~.==----' by: _Seal_       _,-'    / 
[20:18:49]                  ~~~                          _______.......----~~~     _,'  
[20:18:49]                                        --~~""""---......._________...--'     
[20:18:49] Komodo is Initializing...
[20:18:49] Komodo Game Manager is Online...
[20:18:49] Komodo Log Manager is Online... flushing is disabled
[20:18:49] Game Loop Iteration 0
[20:18:49] Game Loop Iteration 1
[20:18:49] Game Loop Iteration 2
[20:18:49] Game Loop Iteration 3
[20:18:49] Game Loop Iteration 4
[20:18:49] Game Loop Iteration 5
[20:18:49] Game Loop Iteration 6
[20:18:49] Game Loop Iteration 7
[20:18:49] Game Loop Iteration 8
[20:18:49] Game Loop Iteration 9
[20:18:49] Game Loop Iteration 10
[20:18:49] Game Loop Iteration 11
[20:18:49] Game Loop Iteration 12
[20:18:49] Game Loop Iteration 13
[20:18:49] Game Loop Iteration 14
[20:18:49] Game Loop Iteration 15
[20:18:49] Game Loop Iteration 16
[20:18:49] Game Loop Iteration 17
[20:18:49] Game Loop Iteration 18
[20:18:49] Game Loop Iteration 19
[20:18:49] Game Loop Iteration 20
[20:18:49] Game Loop Iteration 21
[20:18:49] Game Loop Iteration 22
[20:18:49] Game Loop Iteration 23
[20:18:49] Game Loop Iteration 24
[20:18:49] Game Loop Iteration 25
[20:18:49] Game Loop Iteration 26
[20:18:49] Game Loop Iteration 27
[20:18:49] Game Loop Iteration 28
[20:18:49] Game Loop Iteration 29
[20:18:49] Game Loop Iteration 30
[20:18:49] Game Loop Iteration 31
[20:18:49] Game Loop Iteration 32
[20:18:49] Game Loop Iteration 33
[20:18:49] Game Loop Iteration 34
[20:18:49] Game Loop Iteration 35
[20:18:49] Game Loop Iteration 36
[20:18:49] Game Loop Iteration 37
[20:18:49] Game Loop Iteration 38
[20:18:49] Game Loop Iteration 39
[20:18:49] Game Loop Iteration 40
[20:18:49] Game Loop Iteration 41
[20:18:49] Game Loop Iteration 42
[20:18:49] Game Loop Iteration 43
[20:18:49] Game Loop Iteration 44
[20:18:49] Game Loop Iteration 45
[20:18:49] Game Loop Iteration 46
[20:18:49] Game Loop Iteration 47
[20:18:49] Game Loop Iteration 48
[20:18:49] Game Loop Iteration 49
[20:18:49] Game Loop Iteration 50
[20:18:49] Game Loop Iteration 51
[20:18:49] Game Loop Iteration 52
[20:18:49] Game Loop Iteration 53
[20:18:49] Game Loop Iteration 54
[20:18:49] Game Loop Iteration 55
[20:18:49] Game Loop Iteration 56
[20:18:49] Game Loop Iteration 57
[20:18:49] Game Loop Iteration 58
[20:18:49] Game Loop Iteration 59
[20:18:49] Game Loop Iteration 60
[20:18:49] Game Loop Iteration 61
[20:18:49] Game Loop Iteration 62
[20:18:49] Game Loop Iteration 63
[20:18:49] Game Loop Iteration 64
[20:18:49] Game Loop Iteration 65
[20:18:49] Game Loop Iteration 66
[20:18:49] Game Loop Iteration 67
[20:18:49] Game Loop Iteration 68
[20:18:49] Game Loop Iteration 69
[20:18:49] Game Loop Iteration 70
[20:18:49] Game Loop Iteration 71
[20:18:49] Game Loop Iteration 72
[20:18:49] Game Loop Iteration 73
[20:18:49] Game Loop Iteration 74
[20:18:49] Game Loop Iteration 75
[20:18:49] Game Loop Iteration 76
[20:18:49] Game Loop Iteration 77
[20:18:49] Game Loop Iteration 78
[20:18:49] Game Loop Iteration 79
[20:18:49] Game Loop Iteration 80
[20:18:49] Game Loop Iteration 81
[20:18:49] Game Loop Iteration 82
[20:18:49] Game Loop Iteration 83
[20:18:49] Game Loop Iteration 84
[20:18:49] Game Loop Iteration 85
[20:18:49] Game Loop Iteration 86
[20:18:49] Game Loop Iteration 87
[20:18:49] Game Loop Iteration 88
[20:18:49] Game Loop Iteration 89
[20:18:49] Game Loop Iteration 90
[20:18:49] Game Loop Iteration 91
[20:18:49] Game Loop Iteration 92
[20:18:49] Game Loop Iteration 93
[20:18:49] Game Loop Iteration 94
[20:18:49] Game Loop Iteration 95
[20:18:49] Game Loop Iteration 96
[20:18:49] Game Loop Iteration 97
[20:18:49] Game Loop Iteration 98
[20:18:49] Game Loop Iteration 99
[20:18:49] Komodo has Shut Down Correctly, Goodbye Until Next Time!





